0 info it worked if it ends with ok
1 verbose cli [ 'C:\\Program Files\\nodejs\\node.exe',
1 verbose cli   'C:\\Program Files\\nodejs\\node_modules\\npm\\bin\\npm-cli.js',
1 verbose cli   'run',
1 verbose cli   'dev-build' ]
2 info using npm@3.10.10
3 info using node@v6.11.0
4 verbose run-script [ 'predev-build', 'dev-build', 'postdev-build' ]
5 info lifecycle rest-api-messages@1.0.0~predev-build: rest-api-messages@1.0.0
6 silly lifecycle rest-api-messages@1.0.0~predev-build: no script for predev-build, continuing
7 info lifecycle rest-api-messages@1.0.0~dev-build: rest-api-messages@1.0.0
8 verbose lifecycle rest-api-messages@1.0.0~dev-build: unsafe-perm in lifecycle true
9 verbose lifecycle rest-api-messages@1.0.0~dev-build: PATH: C:\Program Files\nodejs\node_modules\npm\bin\node-gyp-bin;c:\Users\par2854\Desktop\React\rest-api-messages\node_modules\.bin;C:\ProgramData\Oracle\Java\javapath;C:\Informatica\9.6.1\clients\tools\datadirect;C:\Program Files (x86)\Business Objects\Common\3.5\bin\;c:\Informatica\9.6.1\clients\tools\datadirect;c:\Informatica\9.1.0\clients\tools\datadirect;c:\Informatica\9.1.0\clients\java\jre\bin\server;C:\Windows\system32;C:\Windows;C:\Windows\System32\Wbem;C:\Windows\System32\WindowsPowerShell\v1.0\;C:\Windows\System32\WindowsPowerShell\v1.0\;C:\NMLSOFT\WC;C:\Windows\system32\config\systemprofile\.dnx\bin;C:\Program Files\Microsoft DNX\Dnvm\;C:\Program Files\Microsoft SQL Server\130\Tools\Binn\;C:\Program Files (x86)\Windows Kits\10\Windows Performance Toolkit\;C:\Program Files (x86)\Business Objects\BusinessObjects Enterprise 12.0\win32_x86;C:\IBMDB2\SQLLIB\BIN;C:\IBMDB2\SQLLIB\FUNCTION;C:\Program Files\Java\jre1.8.0_144\;C:\Program Files (x86)\Microsoft SQL Server\110\Tools\Binn\ManagementStudio\;C:\Program Files (x86)\Microsoft SQL Server\110\Tools\Binn\;C:\Program Files (x86)\Microsoft Visual Studio 11.0\Common7\IDE\PrivateAssemblies\;C:\Program Files (x86)\Microsoft SQL Server\110\DTS\Binn\;C:\Program Files\nodejs\;C:\Gradle\gradle-4.1\bin\;C:\Program Files\Git\cmd;C:\Windows\System32\WindowsPowerShell\v1.0\;C:\Program Files\MongoDB\Server\3.4\bin;C:\Curl\src;C:\Program Files (x86)\Java\jre8\;C:\Users\par2854\AppData\Roaming\npm;C:\Users\par2854\AppData\Local\atom\bin;C:\Users\par2854\AppData\Local\GitHubDesktop\bin;C:\Program Files\Git\bin;C:\Program Files\Microsoft VS Code\bin
10 verbose lifecycle rest-api-messages@1.0.0~dev-build: CWD: c:\Users\par2854\Desktop\React\rest-api-messages
11 silly lifecycle rest-api-messages@1.0.0~dev-build: Args: [ '/d /s /c', 'webpack -w' ]
12 verbose stack Error: kill ENOSYS
12 verbose stack     at exports._errnoException (util.js:1018:11)
12 verbose stack     at process.kill (internal/process.js:190:13)
12 verbose stack     at process.listener (C:\Program Files\nodejs\node_modules\npm\node_modules\npmlog\node_modules\gauge\node_modules\signal-exit\index.js:86:15)
12 verbose stack     at emitNone (events.js:91:20)
12 verbose stack     at process.emit (events.js:185:7)
12 verbose stack     at processEmit (C:\Program Files\nodejs\node_modules\npm\node_modules\npmlog\node_modules\gauge\node_modules\signal-exit\index.js:146:32)
12 verbose stack     at processEmit (C:\Program Files\nodejs\node_modules\npm\node_modules\npm-registry-client\node_modules\npmlog\node_modules\gauge\node_modules\signal-exit\index.js:146:32)
12 verbose stack     at Signal.wrap.onsignal (internal/process.js:217:44)
13 verbose cwd c:\Users\par2854\Desktop\React\rest-api-messages
14 error Windows_NT 6.1.7601
15 error argv "C:\\Program Files\\nodejs\\node.exe" "C:\\Program Files\\nodejs\\node_modules\\npm\\bin\\npm-cli.js" "run" "dev-build"
16 error node v6.11.0
17 error npm  v3.10.10
18 error code ENOSYS
19 error errno ENOSYS
20 error syscall kill
21 error kill ENOSYS
22 error If you need help, you may report this error at:
22 error     <https://github.com/npm/npm/issues>
23 verbose exit [ 1, true ]
